<?xml version="1.0" encoding="UTF-8"?>
<!-- Generated by org.testng.reporters.JUnitReportReporter -->
<testsuite hostname="sony" failures="0" tests="1" name="com_July_03.AnnotationsDemo" time="0.047" errors="0" timestamp="2021-07-09T04:40:42 IST" skipped="0">
  <testcase classname="com_July_03.AnnotationsDemo" name="TC" time="0.047"/>
  <system-out/>
</testsuite> <!-- com_July_03.AnnotationsDemo -->
