<?xml version="1.0" encoding="UTF-8"?>
<!-- Generated by org.testng.reporters.JUnitReportReporter -->
<testsuite hostname="sony" failures="0" tests="3" name="com_July_04.NewToursDataProvider" time="26.506" errors="0" timestamp="2021-07-09T17:36:54 IST" skipped="0">
  <testcase classname="com_July_04.NewToursDataProvider" name="Login" time="8.872"/>
  <system-out/>
  <testcase classname="com_July_04.NewToursDataProvider" name="Login" time="8.799"/>
  <system-out/>
  <testcase classname="com_July_04.NewToursDataProvider" name="Login" time="8.835"/>
  <system-out/>
</testsuite> <!-- com_July_04.NewToursDataProvider -->
