<?xml version="1.0" encoding="UTF-8"?>
<!-- Generated by org.testng.reporters.JUnitReportReporter -->
<testsuite hostname="sony" failures="0" tests="2" name="com_July_04.ITextContextDemo" time="60.319" errors="0" timestamp="2021-07-13T00:40:33 IST" skipped="0">
  <testcase classname="com_July_04.ITextContextDemo" name="Facebook" time="25.688"/>
  <system-out/>
  <testcase classname="com_July_04.ITextContextDemo" name="Login" time="34.631"/>
  <system-out/>
</testsuite> <!-- com_July_04.ITextContextDemo -->
