<?xml version="1.0" encoding="UTF-8"?>
<!-- Generated by org.testng.reporters.JUnitReportReporter -->
<testsuite hostname="sony" failures="0" tests="5" name="com_July_03.ParallelDemo" time="0.083" errors="0" timestamp="2021-07-09T16:49:05 IST" skipped="0">
  <testcase classname="com_July_03.ParallelDemo" name="A" time="0.024"/>
  <system-out/>
  <testcase classname="com_July_03.ParallelDemo" name="D" time="0.009"/>
  <system-out/>
  <testcase classname="com_July_03.ParallelDemo" name="E" time="0.005"/>
  <system-out/>
  <testcase classname="com_July_03.ParallelDemo" name="C" time="0.023"/>
  <system-out/>
  <testcase classname="com_July_03.ParallelDemo" name="B" time="0.022"/>
  <system-out/>
</testsuite> <!-- com_July_03.ParallelDemo -->
