<?xml version="1.0" encoding="UTF-8"?>
<!-- Generated by org.testng.reporters.JUnitReportReporter -->
<testsuite hostname="sony" failures="0" tests="2" name="com_July_03.Project2" time="10.704" errors="0" timestamp="2021-07-09T15:42:53 IST" skipped="0">
  <testcase classname="com_July_03.Project2" name="facebookTC" time="6.988"/>
  <system-out/>
  <testcase classname="com_July_03.Project2" name="GoogleTC" time="3.716"/>
  <system-out/>
</testsuite> <!-- com_July_03.Project2 -->
