<?xml version="1.0" encoding="UTF-8"?>
<!-- Generated by org.testng.reporters.JUnitReportReporter -->
<testsuite hostname="sony" failures="0" tests="3" name="com_July_03.TestCasesMultiple" time="0.048" errors="0" timestamp="2021-07-09T04:22:58 IST" skipped="0">
  <testcase classname="com_July_03.TestCasesMultiple" name="Login" time="0.003"/>
  <system-out/>
  <testcase classname="com_July_03.TestCasesMultiple" name="Book" time="0.042"/>
  <system-out/>
  <testcase classname="com_July_03.TestCasesMultiple" name="Logout" time="0.003"/>
  <system-out/>
</testsuite> <!-- com_July_03.TestCasesMultiple -->
