<?xml version="1.0" encoding="UTF-8"?>
<!-- Generated by org.testng.reporters.JUnitReportReporter -->
<testsuite hostname="sony" failures="0" tests="5" name="com_July_03.GroupDemo" time="0.040" errors="0" timestamp="2021-07-09T16:39:42 IST" skipped="0">
  <testcase classname="com_July_03.GroupDemo" name="B" time="0.004"/>
  <system-out/>
  <testcase classname="com_July_03.GroupDemo" name="E" time="0.004"/>
  <system-out/>
  <testcase classname="com_July_03.GroupDemo" name="D" time="0.003"/>
  <system-out/>
  <testcase classname="com_July_03.GroupDemo" name="A" time="0.021"/>
  <system-out/>
  <testcase classname="com_July_03.GroupDemo" name="C" time="0.008"/>
  <system-out/>
</testsuite> <!-- com_July_03.GroupDemo -->
