<?xml version="1.0" encoding="UTF-8"?>
<!-- Generated by org.testng.reporters.JUnitReportReporter -->
<testsuite hostname="sony" failures="0" tests="1" name="com_July_03.AssertDemo" time="8.759" errors="0" timestamp="2021-07-09T15:42:53 IST" skipped="0">
  <testcase classname="com_July_03.AssertDemo" name="f" time="8.759"/>
  <system-out/>
</testsuite> <!-- com_July_03.AssertDemo -->
