<?xml version="1.0" encoding="UTF-8"?>
<!-- Generated by org.testng.reporters.JUnitReportReporter -->
<testsuite hostname="sony" failures="0" tests="1" name="Assignment.TLogin" time="10.427" errors="0" timestamp="2021-07-10T18:48:53 IST" skipped="0">
  <testcase classname="Assignment.TLogin" name="Login" time="10.427"/>
  <system-out/>
</testsuite> <!-- Assignment.TLogin -->
