<?xml version="1.0" encoding="UTF-8"?>
<!-- Generated by org.testng.reporters.JUnitReportReporter -->
<testsuite hostname="sony" failures="0" tests="5" name="com_July_04.DataProviderDemo" time="0.030" errors="0" timestamp="2021-07-09T17:21:00 IST" skipped="0">
  <testcase classname="com_July_04.DataProviderDemo" name="Test1" time="0.004"/>
  <system-out/>
  <testcase classname="com_July_04.DataProviderDemo" name="Test1" time="0.015"/>
  <system-out/>
  <testcase classname="com_July_04.DataProviderDemo" name="f" time="0.002"/>
  <system-out/>
  <testcase classname="com_July_04.DataProviderDemo" name="f" time="0.003"/>
  <system-out/>
  <testcase classname="com_July_04.DataProviderDemo" name="f" time="0.006"/>
  <system-out/>
</testsuite> <!-- com_July_04.DataProviderDemo -->
