<?xml version="1.0" encoding="UTF-8"?>
<!-- Generated by org.testng.reporters.JUnitReportReporter -->
<testsuite hostname="sony" failures="0" tests="2" name="com_July_03.Project1" time="5.948" errors="0" timestamp="2021-07-09T04:53:04 IST" skipped="0">
  <testcase classname="com_July_03.Project1" name="facebookTC" time="4.166"/>
  <system-out/>
  <testcase classname="com_July_03.Project1" name="GoogleTC" time="1.782"/>
  <system-out/>
</testsuite> <!-- com_July_03.Project1 -->
